<?xml version="1.0" encoding="UTF-8"?>
<!-- Generated by org.testng.reporters.JUnitReportReporter -->
<testsuite hostname="INVCHN-LTM-066" failures="0" tests="1" name="com.qa.dt.test.NavigatorTest" time="15.977" errors="0" timestamp="2023-03-22T11:16:38 IST" skipped="0">
  <testcase classname="com.qa.dt.test.NavigatorTest" name="verifyTelemetryCollectionData" time="15.977"/>
  <system-out/>
</testsuite> <!-- com.qa.dt.test.NavigatorTest -->
